2011-04-05 19:12:04 Notice: Notice (1024): Please change the value of 'Security.salt' in app/config/core.php to a salt value specific to your application in [/Users/cary/Sites/mpd-gallery/cake/libs/debugger.php, line 684]
2011-04-05 19:12:04 Notice: Notice (1024): Please change the value of 'Security.cipherSeed' in app/config/core.php to a numeric (digits only) seed value specific to your application in [/Users/cary/Sites/mpd-gallery/cake/libs/debugger.php, line 688]
2011-04-05 19:12:10 Notice: Notice (1024): Please change the value of 'Security.salt' in app/config/core.php to a salt value specific to your application in [/Users/cary/Sites/mpd-gallery/cake/libs/debugger.php, line 684]
2011-04-05 19:12:10 Notice: Notice (1024): Please change the value of 'Security.cipherSeed' in app/config/core.php to a numeric (digits only) seed value specific to your application in [/Users/cary/Sites/mpd-gallery/cake/libs/debugger.php, line 688]
2011-04-05 19:13:31 Notice: Notice (1024): Please change the value of 'Security.salt' in app/config/core.php to a salt value specific to your application in [/Users/cary/Sites/mpd-gallery/cake/libs/debugger.php, line 684]
2011-04-05 19:13:31 Notice: Notice (1024): Please change the value of 'Security.cipherSeed' in app/config/core.php to a numeric (digits only) seed value specific to your application in [/Users/cary/Sites/mpd-gallery/cake/libs/debugger.php, line 688]
2011-04-05 19:14:10 Notice: Notice (1024): Please change the value of 'Security.salt' in app/config/core.php to a salt value specific to your application in [/Users/cary/Sites/mpd-gallery/cake/libs/debugger.php, line 684]
2011-04-05 19:14:10 Notice: Notice (1024): Please change the value of 'Security.cipherSeed' in app/config/core.php to a numeric (digits only) seed value specific to your application in [/Users/cary/Sites/mpd-gallery/cake/libs/debugger.php, line 688]
2011-04-05 19:15:46 Notice: Notice (1024): Please change the value of 'Security.salt' in app/config/core.php to a salt value specific to your application in [/Users/cary/Sites/mpd-gallery/cake/libs/debugger.php, line 684]
2011-04-05 19:15:46 Notice: Notice (1024): Please change the value of 'Security.cipherSeed' in app/config/core.php to a numeric (digits only) seed value specific to your application in [/Users/cary/Sites/mpd-gallery/cake/libs/debugger.php, line 688]
2011-04-05 20:11:45 Notice: Notice (1024): Please change the value of 'Security.salt' in app/config/core.php to a salt value specific to your application in [/Users/cary/Dropbox/mpd-gallery/cake/libs/debugger.php, line 684]
2011-04-05 20:11:45 Notice: Notice (1024): Please change the value of 'Security.cipherSeed' in app/config/core.php to a numeric (digits only) seed value specific to your application in [/Users/cary/Dropbox/mpd-gallery/cake/libs/debugger.php, line 688]
2011-04-05 20:30:06 Notice: Notice (1024): Please change the value of 'Security.salt' in app/config/core.php to a salt value specific to your application in [/Users/cary/Dropbox/mpd-gallery/cake/libs/debugger.php, line 684]
2011-04-05 20:30:06 Notice: Notice (1024): Please change the value of 'Security.cipherSeed' in app/config/core.php to a numeric (digits only) seed value specific to your application in [/Users/cary/Dropbox/mpd-gallery/cake/libs/debugger.php, line 688]
2011-04-05 21:01:59 Notice: Notice (1024): Please change the value of 'Security.salt' in app/config/core.php to a salt value specific to your application in [/Users/cary/Dropbox/mpd-gallery/cake/libs/debugger.php, line 684]
2011-04-05 21:01:59 Notice: Notice (1024): Please change the value of 'Security.cipherSeed' in app/config/core.php to a numeric (digits only) seed value specific to your application in [/Users/cary/Dropbox/mpd-gallery/cake/libs/debugger.php, line 688]
2011-04-05 22:07:53 Notice: Notice (1024): Please change the value of 'Security.salt' in app/config/core.php to a salt value specific to your application in [/Users/cary/Dropbox/mpd-gallery/cake/libs/debugger.php, line 684]
2011-04-05 22:07:53 Notice: Notice (1024): Please change the value of 'Security.cipherSeed' in app/config/core.php to a numeric (digits only) seed value specific to your application in [/Users/cary/Dropbox/mpd-gallery/cake/libs/debugger.php, line 688]
2011-04-06 22:54:36 Notice: Notice (1024): Please change the value of 'Security.salt' in app/config/core.php to a salt value specific to your application in [/Users/cary/Dropbox/mpd-gallery/cake/libs/debugger.php, line 684]
2011-04-06 22:54:36 Notice: Notice (1024): Please change the value of 'Security.cipherSeed' in app/config/core.php to a numeric (digits only) seed value specific to your application in [/Users/cary/Dropbox/mpd-gallery/cake/libs/debugger.php, line 688]
2011-04-07 15:21:02 Notice: Notice (1024): Please change the value of 'Security.salt' in app/config/core.php to a salt value specific to your application in [/Users/cary/Dropbox/mpd-gallery/cake/libs/debugger.php, line 684]
2011-04-07 15:21:02 Notice: Notice (1024): Please change the value of 'Security.cipherSeed' in app/config/core.php to a numeric (digits only) seed value specific to your application in [/Users/cary/Dropbox/mpd-gallery/cake/libs/debugger.php, line 688]
2011-04-07 15:21:53 Notice: Notice (1024): Please change the value of 'Security.salt' in app/config/core.php to a salt value specific to your application in [/Users/cary/Dropbox/mpd-gallery/cake/libs/debugger.php, line 684]
2011-04-07 15:21:53 Notice: Notice (1024): Please change the value of 'Security.cipherSeed' in app/config/core.php to a numeric (digits only) seed value specific to your application in [/Users/cary/Dropbox/mpd-gallery/cake/libs/debugger.php, line 688]
2011-04-07 15:22:35 Notice: Notice (1024): Please change the value of 'Security.salt' in app/config/core.php to a salt value specific to your application in [/Users/cary/Dropbox/mpd-gallery/cake/libs/debugger.php, line 684]
2011-04-07 15:22:35 Notice: Notice (1024): Please change the value of 'Security.cipherSeed' in app/config/core.php to a numeric (digits only) seed value specific to your application in [/Users/cary/Dropbox/mpd-gallery/cake/libs/debugger.php, line 688]
2011-04-07 15:22:38 Notice: Notice (1024): Please change the value of 'Security.salt' in app/config/core.php to a salt value specific to your application in [/Users/cary/Dropbox/mpd-gallery/cake/libs/debugger.php, line 684]
2011-04-07 15:22:38 Notice: Notice (1024): Please change the value of 'Security.cipherSeed' in app/config/core.php to a numeric (digits only) seed value specific to your application in [/Users/cary/Dropbox/mpd-gallery/cake/libs/debugger.php, line 688]
2011-04-07 16:01:10 Notice: Notice (8): Undefined index:  description in [/Users/cary/Dropbox/mpd-gallery/app/views/projects/view.ctp, line 8]
2011-04-07 16:14:12 Notice: Notice (8): Undefined index:  url in [/Users/cary/Dropbox/mpd-gallery/app/views/projects/view.ctp, line 25]
2011-04-07 16:15:39 Notice: Notice (8): Undefined index:  url in [/Users/cary/Dropbox/mpd-gallery/app/views/projects/view.ctp, line 23]
2011-04-07 16:16:16 Notice: Notice (8): Undefined index:  url in [/Users/cary/Dropbox/mpd-gallery/app/views/projects/view.ctp, line 4]
2011-04-07 16:16:17 Notice: Notice (8): Undefined index:  url in [/Users/cary/Dropbox/mpd-gallery/app/views/projects/view.ctp, line 4]
2011-04-07 18:00:01 Notice: Notice (8): Undefined property: Project::$MpdClass in [/Users/cary/Dropbox/mpd-gallery/app/controllers/projects_controller.php, line 29]
2011-04-07 18:23:57 Notice: Notice (8): Undefined offset:  0 in [/Users/cary/Dropbox/mpd-gallery/app/views/projects/view.ctp, line 4]
2011-04-07 18:23:57 Notice: Notice (8): Undefined index:  product_description in [/Users/cary/Dropbox/mpd-gallery/app/views/projects/view.ctp, line 7]
2011-04-07 18:23:58 Notice: Notice (8): Undefined offset:  0 in [/Users/cary/Dropbox/mpd-gallery/app/views/projects/view.ctp, line 4]
2011-04-07 18:23:58 Notice: Notice (8): Undefined index:  product_description in [/Users/cary/Dropbox/mpd-gallery/app/views/projects/view.ctp, line 7]
2011-04-07 18:24:22 Notice: Notice (8): Undefined offset:  0 in [/Users/cary/Dropbox/mpd-gallery/app/views/projects/view.ctp, line 4]
2011-04-07 18:24:23 Notice: Notice (8): Undefined offset:  0 in [/Users/cary/Dropbox/mpd-gallery/app/views/projects/view.ctp, line 4]
2011-04-07 18:30:47 Notice: Notice (8): Undefined offset:  0 in [/Users/cary/Dropbox/mpd-gallery/app/views/projects/view.ctp, line 8]
2011-04-07 18:30:47 Notice: Notice (8): Undefined offset:  0 in [/Users/cary/Dropbox/mpd-gallery/app/views/projects/view.ctp, line 8]
2011-04-07 23:49:31 Notice: Notice (8): Undefined index:  url in [/Users/cary/Dropbox/mpd-gallery/app/views/projects/view.ctp, line 7]
2011-04-07 23:53:10 Notice: Notice (8): Undefined index:  url in [/Users/cary/Dropbox/mpd-gallery/app/views/projects/view.ctp, line 8]
2011-04-08 00:06:56 Notice: Notice (8): Undefined index:  project in [/Users/cary/Dropbox/mpd-gallery/app/views/projects/view.ctp, line 4]
2011-04-09 18:05:47 Notice: Notice (8): Undefined index:  picture in [/Users/cary/Dropbox/mpd-gallery/app/views/projects/index.ctp, line 12]
2011-04-09 18:05:47 Notice: Notice (8): Undefined index:  project in [/Users/cary/Dropbox/mpd-gallery/app/views/projects/index.ctp, line 12]
2011-04-09 18:06:54 Notice: Notice (8): Undefined index:  Picture in [/Users/cary/Dropbox/mpd-gallery/app/views/projects/index.ctp, line 12]
2011-04-09 18:06:54 Notice: Notice (8): Undefined index:  project in [/Users/cary/Dropbox/mpd-gallery/app/views/projects/index.ctp, line 12]
2011-04-09 18:10:40 Notice: Notice (8): Undefined index:  Picture in [/Users/cary/Dropbox/mpd-gallery/app/views/projects/index.ctp, line 11]
2011-04-09 18:12:46 Notice: Notice (8): Undefined index:  Picture in [/Users/cary/Dropbox/mpd-gallery/app/views/projects/index.ctp, line 11]
2011-04-09 18:12:49 Notice: Notice (8): Undefined index:  Picture in [/Users/cary/Dropbox/mpd-gallery/app/views/projects/index.ctp, line 11]
2011-04-09 18:13:53 Notice: Notice (8): Undefined index:  Picture in [/Users/cary/Dropbox/mpd-gallery/app/views/projects/index.ctp, line 12]
2011-04-09 18:18:02 Notice: Notice (8): Undefined index:  filename in [/Users/cary/Dropbox/mpd-gallery/app/views/projects/index.ctp, line 12]
2011-04-09 18:18:41 Notice: Notice (8): Undefined index:  filename in [/Users/cary/Dropbox/mpd-gallery/app/views/projects/index.ctp, line 12]
2011-04-09 18:19:37 Notice: Notice (8): Undefined index:  filename in [/Users/cary/Dropbox/mpd-gallery/app/views/projects/index.ctp, line 12]
2011-04-09 18:20:29 Notice: Notice (8): Undefined index:  Picture in [/Users/cary/Dropbox/mpd-gallery/app/views/projects/index.ctp, line 12]
2011-04-09 18:20:42 Notice: Notice (8): Undefined index:  Picture in [/Users/cary/Dropbox/mpd-gallery/app/views/projects/index.ctp, line 12]
2011-04-10 10:28:17 Notice: Notice (1024): Please change the value of 'Security.salt' in app/config/core.php to a salt value specific to your application in [/Users/cary/Dropbox/mpd-gallery/cake/libs/debugger.php, line 684]
2011-04-10 10:28:17 Notice: Notice (1024): Please change the value of 'Security.cipherSeed' in app/config/core.php to a numeric (digits only) seed value specific to your application in [/Users/cary/Dropbox/mpd-gallery/cake/libs/debugger.php, line 688]
2011-04-10 16:29:17 Notice: Notice (8): Undefined variable: Participant in [/Users/cary/Dropbox/mpd-gallery/app/controllers/participants_controller.php, line 129]
2011-04-10 16:34:41 Notice: Notice (8): Undefined index:  email in [/Users/cary/Dropbox/mpd-gallery/app/controllers/participants_controller.php, line 131]
2011-04-10 16:57:03 Notice: Notice (8): Undefined variable: participant in [/Users/cary/Dropbox/mpd-gallery/app/views/participants/email.ctp, line 4]
2011-04-10 16:57:38 Notice: Notice (8): Undefined variable: participant in [/Users/cary/Dropbox/mpd-gallery/app/controllers/participants_controller.php, line 127]
2011-04-10 16:57:38 Notice: Notice (8): Undefined index:  subject in [/Users/cary/Dropbox/mpd-gallery/app/controllers/participants_controller.php, line 128]
2011-04-10 16:57:38 Notice: Notice (8): Undefined index:  email in [/Users/cary/Dropbox/mpd-gallery/app/controllers/participants_controller.php, line 129]
2011-04-10 16:57:38 Notice: Notice (8): Undefined index:  name in [/Users/cary/Dropbox/mpd-gallery/app/controllers/participants_controller.php, line 130]
2011-04-10 16:57:38 Notice: Notice (8): Undefined index:  content in [/Users/cary/Dropbox/mpd-gallery/app/controllers/participants_controller.php, line 134]
2011-04-10 16:59:00 Notice: Notice (8): Undefined variable: participant in [/Users/cary/Dropbox/mpd-gallery/app/controllers/participants_controller.php, line 127]
2011-04-10 16:59:00 Notice: Notice (8): Undefined index:  subject in [/Users/cary/Dropbox/mpd-gallery/app/controllers/participants_controller.php, line 128]
2011-04-10 16:59:00 Notice: Notice (8): Undefined index:  email in [/Users/cary/Dropbox/mpd-gallery/app/controllers/participants_controller.php, line 129]
2011-04-10 16:59:00 Notice: Notice (8): Undefined index:  name in [/Users/cary/Dropbox/mpd-gallery/app/controllers/participants_controller.php, line 130]
2011-04-10 16:59:00 Notice: Notice (8): Undefined index:  content in [/Users/cary/Dropbox/mpd-gallery/app/controllers/participants_controller.php, line 134]
2011-04-10 17:06:28 Notice: Notice (8): Undefined variable: participant in [/Users/cary/Dropbox/mpd-gallery/app/controllers/participants_controller.php, line 127]
2011-04-10 17:06:28 Notice: Notice (8): Undefined index:  subject in [/Users/cary/Dropbox/mpd-gallery/app/controllers/participants_controller.php, line 128]
2011-04-10 17:06:28 Notice: Notice (8): Undefined index:  email in [/Users/cary/Dropbox/mpd-gallery/app/controllers/participants_controller.php, line 129]
2011-04-10 17:06:28 Notice: Notice (8): Undefined index:  name in [/Users/cary/Dropbox/mpd-gallery/app/controllers/participants_controller.php, line 130]
2011-04-10 17:06:28 Notice: Notice (8): Undefined index:  content in [/Users/cary/Dropbox/mpd-gallery/app/controllers/participants_controller.php, line 134]
2011-04-10 17:06:49 Notice: Notice (8): Undefined variable: participant in [/Users/cary/Dropbox/mpd-gallery/app/controllers/participants_controller.php, line 127]
2011-04-10 17:06:49 Notice: Notice (8): Undefined index:  subject in [/Users/cary/Dropbox/mpd-gallery/app/controllers/participants_controller.php, line 128]
2011-04-10 17:06:49 Notice: Notice (8): Undefined index:  email in [/Users/cary/Dropbox/mpd-gallery/app/controllers/participants_controller.php, line 129]
2011-04-10 17:06:49 Notice: Notice (8): Undefined index:  name in [/Users/cary/Dropbox/mpd-gallery/app/controllers/participants_controller.php, line 130]
2011-04-10 17:06:49 Notice: Notice (8): Undefined index:  content in [/Users/cary/Dropbox/mpd-gallery/app/controllers/participants_controller.php, line 134]
2011-04-10 19:19:04 Notice: Notice (8): Undefined variable: participant in [/Users/cary/Dropbox/mpd-gallery/app/controllers/participants_controller.php, line 127]
2011-04-10 19:19:04 Notice: Notice (8): Undefined index:  subject in [/Users/cary/Dropbox/mpd-gallery/app/controllers/participants_controller.php, line 128]
2011-04-10 19:19:04 Notice: Notice (8): Undefined index:  email in [/Users/cary/Dropbox/mpd-gallery/app/controllers/participants_controller.php, line 129]
2011-04-10 19:19:04 Notice: Notice (8): Undefined index:  name in [/Users/cary/Dropbox/mpd-gallery/app/controllers/participants_controller.php, line 130]
2011-04-10 19:19:04 Notice: Notice (8): Undefined index:  content in [/Users/cary/Dropbox/mpd-gallery/app/controllers/participants_controller.php, line 134]
2011-04-10 19:22:25 Notice: Notice (8): Array to string conversion in [/Users/cary/Dropbox/mpd-gallery/cake/libs/model/datasources/dbo_source.php, line 2011]
2011-04-10 19:22:25 Notice: Notice (8): Array to string conversion in [/Users/cary/Dropbox/mpd-gallery/cake/libs/model/datasources/dbo_source.php, line 2015]
2011-04-10 19:22:25 Notice: Notice (8): Array to string conversion in [/Users/cary/Dropbox/mpd-gallery/cake/libs/model/datasources/dbo_source.php, line 2019]
2011-04-10 19:22:25 Notice: Notice (8): Array to string conversion in [/Users/cary/Dropbox/mpd-gallery/cake/libs/model/datasources/dbo_source.php, line 2020]
2011-04-12 22:25:12 Notice: Notice (1024): Please change the value of 'Security.salt' in app/config/core.php to a salt value specific to your application in [/Users/cary/Dropbox/mpd-gallery/cake/libs/debugger.php, line 684]
2011-04-12 22:25:12 Notice: Notice (1024): Please change the value of 'Security.cipherSeed' in app/config/core.php to a numeric (digits only) seed value specific to your application in [/Users/cary/Dropbox/mpd-gallery/cake/libs/debugger.php, line 688]
2011-04-12 22:25:22 Notice: Notice (1024): Please change the value of 'Security.salt' in app/config/core.php to a salt value specific to your application in [/Users/cary/Dropbox/mpd-gallery/cake/libs/debugger.php, line 684]
2011-04-12 22:25:22 Notice: Notice (1024): Please change the value of 'Security.cipherSeed' in app/config/core.php to a numeric (digits only) seed value specific to your application in [/Users/cary/Dropbox/mpd-gallery/cake/libs/debugger.php, line 688]
2011-04-13 22:04:11 Notice: Notice (8): Undefined index:  presentation_date in [/Users/cary/Dropbox/mpd-gallery/app/controllers/projects_controller.php, line 12]
2011-04-13 22:04:11 Notice: Notice (8): Undefined index:  prettyDate in [/Users/cary/Dropbox/mpd-gallery/app/views/projects/index.ctp, line 18]
2011-04-13 22:04:37 Notice: Notice (8): Undefined index:  presentation_date in [/Users/cary/Dropbox/mpd-gallery/app/controllers/projects_controller.php, line 12]
2011-04-13 22:04:37 Notice: Notice (8): Undefined index:  prettyDate in [/Users/cary/Dropbox/mpd-gallery/app/views/projects/index.ctp, line 18]
2011-04-13 22:04:57 Notice: Notice (8): Undefined index:  prettyDate in [/Users/cary/Dropbox/mpd-gallery/app/views/projects/index.ctp, line 18]
2011-04-13 22:05:15 Notice: Notice (8): Undefined index:  prettyDate in [/Users/cary/Dropbox/mpd-gallery/app/views/projects/index.ctp, line 18]
2011-04-13 22:05:50 Notice: Notice (8): Undefined index:  prettyDate in [/Users/cary/Dropbox/mpd-gallery/app/views/projects/index.ctp, line 18]
2011-04-13 22:06:26 Notice: Notice (8): Undefined index:  prettyDate in [/Users/cary/Dropbox/mpd-gallery/app/views/projects/index.ctp, line 18]
2011-04-13 22:28:01 Notice: Notice (8): Undefined offset:  0 in [/Users/cary/Dropbox/mpd-gallery/app/views/projects/index.ctp, line 16]
2011-04-13 22:36:58 Notice: Notice (8): Undefined offset:  0 in [/Users/cary/Dropbox/mpd-gallery/app/views/projects/index.ctp, line 16]
2011-04-13 22:37:17 Notice: Notice (8): Undefined offset:  0 in [/Users/cary/Dropbox/mpd-gallery/app/views/projects/index.ctp, line 16]
2011-04-13 22:38:49 Notice: Notice (8): Undefined offset:  0 in [/Users/cary/Dropbox/mpd-gallery/app/views/projects/index.ctp, line 16]
2011-04-13 22:39:23 Notice: Notice (8): Undefined offset:  0 in [/Users/cary/Dropbox/mpd-gallery/app/views/projects/index.ctp, line 16]
2011-04-13 22:40:01 Notice: Notice (8): Undefined offset:  0 in [/Users/cary/Dropbox/mpd-gallery/app/views/projects/index.ctp, line 16]
2011-04-13 22:40:06 Notice: Notice (8): Undefined offset:  0 in [/Users/cary/Dropbox/mpd-gallery/app/views/projects/index.ctp, line 16]
2011-04-13 22:40:37 Notice: Notice (8): Undefined offset:  0 in [/Users/cary/Dropbox/mpd-gallery/app/views/projects/index.ctp, line 16]
2011-04-13 22:40:43 Notice: Notice (8): Undefined offset:  0 in [/Users/cary/Dropbox/mpd-gallery/app/views/projects/index.ctp, line 16]
2011-04-13 22:40:52 Notice: Notice (8): Undefined offset:  0 in [/Users/cary/Dropbox/mpd-gallery/app/views/projects/index.ctp, line 16]
2011-04-13 22:41:49 Notice: Notice (8): Undefined offset:  0 in [/Users/cary/Dropbox/mpd-gallery/app/views/projects/index.ctp, line 16]
2011-04-14 00:55:04 Notice: Notice (8): Undefined property: View::$Auth in [/Users/cary/Dropbox/mpd-gallery/app/views/layouts/default.ctp, line 59]
2011-04-14 00:56:12 Notice: Notice (8): Undefined variable: user in [/Users/cary/Dropbox/mpd-gallery/app/views/layouts/default.ctp, line 59]
2011-04-14 00:56:22 Notice: Notice (8): Undefined variable: user in [/Users/cary/Dropbox/mpd-gallery/app/views/layouts/default.ctp, line 59]
2011-04-14 00:56:42 Notice: Notice (8): Undefined variable: user in [/Users/cary/Dropbox/mpd-gallery/app/views/layouts/default.ctp, line 59]
2011-04-14 00:56:43 Notice: Notice (8): Undefined variable: user in [/Users/cary/Dropbox/mpd-gallery/app/views/layouts/default.ctp, line 59]
2011-04-14 00:56:43 Notice: Notice (8): Undefined variable: user in [/Users/cary/Dropbox/mpd-gallery/app/views/layouts/default.ctp, line 59]
2011-04-14 00:57:38 Notice: Notice (8): Undefined variable: user in [/Users/cary/Dropbox/mpd-gallery/app/views/layouts/default.ctp, line 59]
2011-04-14 00:57:39 Notice: Notice (8): Undefined variable: user in [/Users/cary/Dropbox/mpd-gallery/app/views/layouts/default.ctp, line 59]
2011-04-14 00:57:39 Notice: Notice (8): Undefined variable: user in [/Users/cary/Dropbox/mpd-gallery/app/views/layouts/default.ctp, line 59]
2011-04-14 00:57:39 Notice: Notice (8): Undefined variable: user in [/Users/cary/Dropbox/mpd-gallery/app/views/layouts/default.ctp, line 59]
2011-04-14 01:12:31 Notice: Notice (8): Undefined offset:  0 in [/Users/cary/Dropbox/mpd-gallery/app/views/projects/index.ctp, line 16]
2011-04-14 01:12:52 Notice: Notice (8): Undefined offset:  0 in [/Users/cary/Dropbox/mpd-gallery/app/views/projects/index.ctp, line 16]
2011-04-14 01:13:01 Notice: Notice (8): Undefined offset:  0 in [/Users/cary/Dropbox/mpd-gallery/app/views/projects/index.ctp, line 16]
2011-04-14 01:14:23 Notice: Notice (8): Undefined offset:  0 in [/Users/cary/Dropbox/mpd-gallery/app/views/projects/index.ctp, line 16]
2011-04-14 18:05:38 Notice: Notice (8): Undefined property: PicturesController::$picture in [/Users/cary/Dropbox/mpd-gallery/app/controllers/pictures_controller.php, line 53]
2011-04-14 18:10:42 Notice: Notice (8): Undefined offset:  0 in [/Users/cary/Dropbox/mpd-gallery/app/views/projects/index.ctp, line 16]
2011-04-14 21:40:42 Notice: Notice (8): Undefined variable: j in [/Users/cary/Dropbox/mpd-gallery/app/views/projects/edit.ctp, line 24]
2011-04-14 22:54:53 Notice: Notice (8): Undefined index:  Participants in [/Users/cary/Dropbox/mpd-gallery/app/views/projects/edit.ctp, line 30]
2011-04-14 23:31:32 Notice: Notice (8): Undefined variable: project in [/Users/cary/Dropbox/mpd-gallery/app/views/projects/edit.ctp, line 16]
2011-04-14 23:31:32 Notice: Notice (8): Undefined variable: project in [/Users/cary/Dropbox/mpd-gallery/app/views/projects/edit.ctp, line 30]
2011-04-14 23:31:32 Notice: Notice (8): Undefined variable: project in [/Users/cary/Dropbox/mpd-gallery/app/views/projects/edit.ctp, line 39]
2011-04-14 23:31:32 Notice: Notice (8): Undefined variable: project in [/Users/cary/Dropbox/mpd-gallery/app/views/projects/edit.ctp, line 52]
2011-04-14 23:40:10 Notice: Notice (8): Undefined variable: project in [/Users/cary/Dropbox/mpd-gallery/app/views/projects/edit.ctp, line 16]
2011-04-14 23:40:10 Notice: Notice (8): Undefined variable: project in [/Users/cary/Dropbox/mpd-gallery/app/views/projects/edit.ctp, line 30]
2011-04-14 23:40:10 Notice: Notice (8): Undefined variable: project in [/Users/cary/Dropbox/mpd-gallery/app/views/projects/edit.ctp, line 40]
2011-04-14 23:40:10 Notice: Notice (8): Undefined variable: project in [/Users/cary/Dropbox/mpd-gallery/app/views/projects/edit.ctp, line 53]
2011-04-17 21:13:29 Notice: Notice (8): Undefined index:  cover in [/Users/cary/Dropbox/mpd-gallery/app/views/projects/index.ctp, line 17]
2011-04-18 00:12:36 Notice: Notice (8): Undefined variable: partcipant in [/Users/cary/Dropbox/mpd-gallery/app/controllers/participants_controller.php, line 132]
2011-04-18 01:33:51 Notice: Notice (8): Undefined variable: project in [/Users/cary/Dropbox/mpd-gallery/app/views/projects/edit.ctp, line 17]
2011-04-18 01:33:51 Notice: Notice (8): Undefined variable: project in [/Users/cary/Dropbox/mpd-gallery/app/views/projects/edit.ctp, line 42]
2011-04-18 01:33:51 Notice: Notice (8): Undefined variable: project in [/Users/cary/Dropbox/mpd-gallery/app/views/projects/edit.ctp, line 52]
2011-04-18 01:33:51 Notice: Notice (8): Undefined variable: project in [/Users/cary/Dropbox/mpd-gallery/app/views/projects/edit.ctp, line 62]
2011-04-18 01:36:18 Notice: Notice (8): Undefined variable: project in [/Users/cary/Dropbox/mpd-gallery/app/views/projects/edit.ctp, line 17]
2011-04-18 01:36:18 Notice: Notice (8): Undefined variable: project in [/Users/cary/Dropbox/mpd-gallery/app/views/projects/edit.ctp, line 42]
2011-04-18 01:36:18 Notice: Notice (8): Undefined variable: project in [/Users/cary/Dropbox/mpd-gallery/app/views/projects/edit.ctp, line 52]
2011-04-18 01:36:18 Notice: Notice (8): Undefined variable: project in [/Users/cary/Dropbox/mpd-gallery/app/views/projects/edit.ctp, line 62]
2011-04-18 22:20:05 Notice: Notice (8): Undefined index:  Picture in [/Users/cary/Dropbox/mpd-gallery/app/controllers/projects_controller.php, line 48]
2011-04-18 22:20:36 Notice: Notice (8): Undefined index:  Picture in [/Users/cary/Dropbox/mpd-gallery/app/controllers/projects_controller.php, line 48]
2011-04-18 22:31:11 Notice: Notice (8): Undefined offset:  0 in [/Users/cary/Dropbox/mpd-gallery/app/views/projects/index.ctp, line 24]
2011-04-18 22:31:46 Notice: Notice (8): Undefined offset:  0 in [/Users/cary/Dropbox/mpd-gallery/app/views/projects/index.ctp, line 24]
2011-04-18 23:28:32 Notice: Notice (8): Undefined variable: index in [/Users/cary/Dropbox/mpd-gallery/app/views/projects/add_participant.ctp, line 2]
2011-04-18 23:28:32 Notice: Notice (8): Undefined variable: index in [/Users/cary/Dropbox/mpd-gallery/app/views/projects/add_participant.ctp, line 3]
2011-04-18 23:28:32 Notice: Notice (8): Undefined variable: index in [/Users/cary/Dropbox/mpd-gallery/app/views/projects/add_participant.ctp, line 4]
2011-04-18 23:28:32 Notice: Notice (8): Undefined variable: index in [/Users/cary/Dropbox/mpd-gallery/app/views/projects/add_participant.ctp, line 5]
2011-04-21 11:52:11 Notice: Notice (8): Undefined variable: project in [/Users/cary/Dropbox/mpd-gallery/app/views/users/login.ctp, line 2]
2011-04-21 11:52:11 Notice: Notice (8): Undefined variable: project in [/Users/cary/Dropbox/mpd-gallery/app/views/users/login.ctp, line 3]
2011-04-21 11:52:16 Notice: Notice (8): Undefined variable: project in [/Users/cary/Dropbox/mpd-gallery/app/views/users/login.ctp, line 2]
2011-04-21 11:52:16 Notice: Notice (8): Undefined variable: project in [/Users/cary/Dropbox/mpd-gallery/app/views/users/login.ctp, line 3]
