2011-04-07 16:35:42 Warning: Warning (2): Invalid argument supplied for foreach() in [/Users/cary/Dropbox/mpd-gallery/app/views/projects/view.ctp, line 11]
2011-04-07 16:35:42 Warning: Warning (2): Invalid argument supplied for foreach() in [/Users/cary/Dropbox/mpd-gallery/app/views/projects/view.ctp, line 11]
2011-04-07 16:35:42 Warning: Warning (2): Invalid argument supplied for foreach() in [/Users/cary/Dropbox/mpd-gallery/app/views/projects/view.ctp, line 11]
2011-04-07 16:35:42 Warning: Warning (2): Invalid argument supplied for foreach() in [/Users/cary/Dropbox/mpd-gallery/app/views/projects/view.ctp, line 11]
2011-04-07 18:23:58 Warning: Warning (2): Invalid argument supplied for foreach() in [/Users/cary/Dropbox/mpd-gallery/app/views/projects/view.ctp, line 11]
2011-04-07 18:23:58 Warning: Warning (2): Invalid argument supplied for foreach() in [/Users/cary/Dropbox/mpd-gallery/app/views/projects/view.ctp, line 11]
2011-04-07 18:23:58 Warning: Warning (2): Invalid argument supplied for foreach() in [/Users/cary/Dropbox/mpd-gallery/app/views/projects/view.ctp, line 11]
2011-04-07 18:23:58 Warning: Warning (2): Invalid argument supplied for foreach() in [/Users/cary/Dropbox/mpd-gallery/app/views/projects/view.ctp, line 11]
2011-04-07 18:23:58 Warning: Warning (2): Invalid argument supplied for foreach() in [/Users/cary/Dropbox/mpd-gallery/app/views/projects/view.ctp, line 11]
2011-04-07 18:24:23 Warning: Warning (2): Invalid argument supplied for foreach() in [/Users/cary/Dropbox/mpd-gallery/app/views/projects/view.ctp, line 11]
2011-04-07 18:24:23 Warning: Warning (2): Invalid argument supplied for foreach() in [/Users/cary/Dropbox/mpd-gallery/app/views/projects/view.ctp, line 11]
2011-04-07 18:24:23 Warning: Warning (2): Invalid argument supplied for foreach() in [/Users/cary/Dropbox/mpd-gallery/app/views/projects/view.ctp, line 11]
2011-04-07 18:24:23 Warning: Warning (2): Invalid argument supplied for foreach() in [/Users/cary/Dropbox/mpd-gallery/app/views/projects/view.ctp, line 11]
2011-04-07 18:24:23 Warning: Warning (2): Invalid argument supplied for foreach() in [/Users/cary/Dropbox/mpd-gallery/app/views/projects/view.ctp, line 11]
2011-04-07 18:30:47 Warning: Warning (2): Invalid argument supplied for foreach() in [/Users/cary/Dropbox/mpd-gallery/app/views/projects/view.ctp, line 16]
2011-04-07 18:30:48 Warning: Warning (2): Invalid argument supplied for foreach() in [/Users/cary/Dropbox/mpd-gallery/app/views/projects/view.ctp, line 16]
2011-04-07 18:30:48 Warning: Warning (2): Invalid argument supplied for foreach() in [/Users/cary/Dropbox/mpd-gallery/app/views/projects/view.ctp, line 16]
2011-04-07 18:30:48 Warning: Warning (2): Invalid argument supplied for foreach() in [/Users/cary/Dropbox/mpd-gallery/app/views/projects/view.ctp, line 16]
2011-04-07 18:30:48 Warning: Warning (2): Invalid argument supplied for foreach() in [/Users/cary/Dropbox/mpd-gallery/app/views/projects/view.ctp, line 16]
2011-04-07 18:31:04 Warning: Warning (2): Invalid argument supplied for foreach() in [/Users/cary/Dropbox/mpd-gallery/app/views/projects/view.ctp, line 16]
2011-04-07 18:31:04 Warning: Warning (2): Invalid argument supplied for foreach() in [/Users/cary/Dropbox/mpd-gallery/app/views/projects/view.ctp, line 16]
2011-04-07 18:31:04 Warning: Warning (2): Invalid argument supplied for foreach() in [/Users/cary/Dropbox/mpd-gallery/app/views/projects/view.ctp, line 16]
2011-04-07 18:31:04 Warning: Warning (2): Invalid argument supplied for foreach() in [/Users/cary/Dropbox/mpd-gallery/app/views/projects/view.ctp, line 16]
2011-04-07 18:31:09 Warning: Warning (2): Invalid argument supplied for foreach() in [/Users/cary/Dropbox/mpd-gallery/app/views/projects/view.ctp, line 16]
2011-04-07 18:31:09 Warning: Warning (2): Invalid argument supplied for foreach() in [/Users/cary/Dropbox/mpd-gallery/app/views/projects/view.ctp, line 16]
2011-04-07 18:31:09 Warning: Warning (2): Invalid argument supplied for foreach() in [/Users/cary/Dropbox/mpd-gallery/app/views/projects/view.ctp, line 16]
2011-04-07 18:31:09 Warning: Warning (2): Invalid argument supplied for foreach() in [/Users/cary/Dropbox/mpd-gallery/app/views/projects/view.ctp, line 16]
2011-04-07 18:31:32 Warning: Warning (2): Invalid argument supplied for foreach() in [/Users/cary/Dropbox/mpd-gallery/app/views/projects/view.ctp, line 17]
2011-04-07 18:31:32 Warning: Warning (2): Invalid argument supplied for foreach() in [/Users/cary/Dropbox/mpd-gallery/app/views/projects/view.ctp, line 17]
2011-04-07 18:31:32 Warning: Warning (2): Invalid argument supplied for foreach() in [/Users/cary/Dropbox/mpd-gallery/app/views/projects/view.ctp, line 17]
2011-04-07 18:31:32 Warning: Warning (2): Invalid argument supplied for foreach() in [/Users/cary/Dropbox/mpd-gallery/app/views/projects/view.ctp, line 17]
2011-04-07 18:31:48 Warning: Warning (2): Invalid argument supplied for foreach() in [/Users/cary/Dropbox/mpd-gallery/app/views/projects/view.ctp, line 17]
2011-04-07 18:31:48 Warning: Warning (2): Invalid argument supplied for foreach() in [/Users/cary/Dropbox/mpd-gallery/app/views/projects/view.ctp, line 17]
2011-04-07 18:31:48 Warning: Warning (2): Invalid argument supplied for foreach() in [/Users/cary/Dropbox/mpd-gallery/app/views/projects/view.ctp, line 17]
2011-04-07 18:31:48 Warning: Warning (2): Invalid argument supplied for foreach() in [/Users/cary/Dropbox/mpd-gallery/app/views/projects/view.ctp, line 17]
2011-04-07 18:32:32 Warning: Warning (2): Invalid argument supplied for foreach() in [/Users/cary/Dropbox/mpd-gallery/app/views/projects/view.ctp, line 17]
2011-04-07 18:32:32 Warning: Warning (2): Invalid argument supplied for foreach() in [/Users/cary/Dropbox/mpd-gallery/app/views/projects/view.ctp, line 17]
2011-04-07 18:32:32 Warning: Warning (2): Invalid argument supplied for foreach() in [/Users/cary/Dropbox/mpd-gallery/app/views/projects/view.ctp, line 17]
2011-04-07 18:32:32 Warning: Warning (2): Invalid argument supplied for foreach() in [/Users/cary/Dropbox/mpd-gallery/app/views/projects/view.ctp, line 17]
2011-04-07 23:49:31 Warning: Warning (2): Invalid argument supplied for foreach() in [/Users/cary/Dropbox/mpd-gallery/app/views/projects/view.ctp, line 16]
2011-04-07 23:53:11 Warning: Warning (2): Invalid argument supplied for foreach() in [/Users/cary/Dropbox/mpd-gallery/app/views/projects/view.ctp, line 17]
2011-04-07 23:53:11 Warning: Warning (2): Invalid argument supplied for foreach() in [/Users/cary/Dropbox/mpd-gallery/app/views/projects/view.ctp, line 17]
2011-04-07 23:53:32 Warning: Warning (2): Invalid argument supplied for foreach() in [/Users/cary/Dropbox/mpd-gallery/app/views/projects/view.ctp, line 16]
2011-04-08 09:26:43 Warning: Warning (2): Invalid argument supplied for foreach() in [/Users/cary/Dropbox/mpd-gallery/app/views/projects/view.ctp, line 19]
2011-04-09 19:22:49 Warning: Warning (2): Invalid argument supplied for foreach() in [/Users/cary/Dropbox/mpd-gallery/app/views/projects/view.ctp, line 19]
2011-04-09 19:22:50 Warning: Warning (2): Invalid argument supplied for foreach() in [/Users/cary/Dropbox/mpd-gallery/app/views/projects/view.ctp, line 19]
2011-04-09 19:22:52 Warning: Warning (2): Invalid argument supplied for foreach() in [/Users/cary/Dropbox/mpd-gallery/app/views/projects/view.ctp, line 19]
2011-04-09 19:27:50 Warning: Warning (2): Invalid argument supplied for foreach() in [/Users/cary/Dropbox/mpd-gallery/app/views/projects/view.ctp, line 19]
2011-04-09 19:27:52 Warning: Warning (2): Invalid argument supplied for foreach() in [/Users/cary/Dropbox/mpd-gallery/app/views/projects/view.ctp, line 19]
2011-04-09 19:28:06 Warning: Warning (2): Invalid argument supplied for foreach() in [/Users/cary/Dropbox/mpd-gallery/app/views/projects/view.ctp, line 19]
2011-04-09 19:28:08 Warning: Warning (2): Invalid argument supplied for foreach() in [/Users/cary/Dropbox/mpd-gallery/app/views/projects/view.ctp, line 19]
2011-04-09 19:28:09 Warning: Warning (2): Invalid argument supplied for foreach() in [/Users/cary/Dropbox/mpd-gallery/app/views/projects/view.ctp, line 19]
2011-04-09 19:28:24 Warning: Warning (2): Invalid argument supplied for foreach() in [/Users/cary/Dropbox/mpd-gallery/app/views/projects/view.ctp, line 19]
2011-04-09 19:28:25 Warning: Warning (2): Invalid argument supplied for foreach() in [/Users/cary/Dropbox/mpd-gallery/app/views/projects/view.ctp, line 19]
2011-04-09 19:28:25 Warning: Warning (2): Invalid argument supplied for foreach() in [/Users/cary/Dropbox/mpd-gallery/app/views/projects/view.ctp, line 19]
2011-04-10 16:29:18 Warning: Warning (2): Cannot modify header information - headers already sent by (output started at /Users/cary/Dropbox/mpd-gallery/cake/libs/debugger.php:673) in [/Users/cary/Dropbox/mpd-gallery/cake/libs/controller/controller.php, line 742]
2011-04-10 16:34:42 Warning: Warning (2): Cannot modify header information - headers already sent by (output started at /Users/cary/Dropbox/mpd-gallery/cake/libs/debugger.php:673) in [/Users/cary/Dropbox/mpd-gallery/cake/libs/controller/controller.php, line 742]
2011-04-10 16:57:38 Warning: Warning (2): Cannot modify header information - headers already sent by (output started at /Users/cary/Dropbox/mpd-gallery/cake/libs/debugger.php:673) in [/Users/cary/Dropbox/mpd-gallery/cake/libs/controller/controller.php, line 742]
2011-04-10 16:59:01 Warning: Warning (2): Cannot modify header information - headers already sent by (output started at /Users/cary/Dropbox/mpd-gallery/cake/basics.php:355) in [/Users/cary/Dropbox/mpd-gallery/cake/libs/controller/controller.php, line 742]
2011-04-10 17:06:28 Warning: Warning (2): Cannot modify header information - headers already sent by (output started at /Users/cary/Dropbox/mpd-gallery/cake/basics.php:355) in [/Users/cary/Dropbox/mpd-gallery/cake/libs/controller/controller.php, line 742]
2011-04-10 17:06:49 Warning: Warning (2): Cannot modify header information - headers already sent by (output started at /Users/cary/Dropbox/mpd-gallery/cake/basics.php:355) in [/Users/cary/Dropbox/mpd-gallery/cake/libs/controller/controller.php, line 742]
2011-04-10 19:19:04 Warning: Warning (2): Cannot modify header information - headers already sent by (output started at /Users/cary/Dropbox/mpd-gallery/cake/basics.php:355) in [/Users/cary/Dropbox/mpd-gallery/cake/libs/controller/controller.php, line 742]
2011-04-10 19:22:25 Warning: Warning (2): preg_match() expects parameter 2 to be string, array given in [/Users/cary/Dropbox/mpd-gallery/cake/libs/model/datasources/dbo_source.php, line 2006]
2011-04-10 19:22:25 Warning: Warning (2): preg_match() expects parameter 2 to be string, array given in [/Users/cary/Dropbox/mpd-gallery/cake/libs/model/datasources/dbo_source.php, line 2008]
2011-04-10 19:22:26 Warning: Warning (512): <span style="color:Red;text-align:left"><b>SQL Error:</b> 1054: Unknown column 'Participant.Array' in 'field list'</span> in [/Users/cary/Dropbox/mpd-gallery/cake/libs/model/datasources/dbo_source.php, line 684]
2011-04-10 19:22:26 Warning: Warning (2): Cannot modify header information - headers already sent by (output started at /Users/cary/Dropbox/mpd-gallery/cake/libs/debugger.php:673) in [/Users/cary/Dropbox/mpd-gallery/cake/libs/controller/controller.php, line 742]
2011-04-10 19:25:15 Warning: Warning (2): Cannot modify header information - headers already sent by (output started at /Users/cary/Dropbox/mpd-gallery/cake/basics.php:355) in [/Users/cary/Dropbox/mpd-gallery/cake/libs/controller/controller.php, line 742]
2011-04-10 19:28:19 Warning: Warning (2): Cannot modify header information - headers already sent by (output started at /Users/cary/Dropbox/mpd-gallery/cake/basics.php:355) in [/Users/cary/Dropbox/mpd-gallery/cake/libs/controller/controller.php, line 742]
2011-04-11 23:52:25 Warning: Warning (2): htmlentities() [<a href='http://php.net/function.htmlentities'>function.htmlentities</a>]: charset `1' not supported, assuming iso-8859-1 in [/Users/cary/Dropbox/mpd-gallery/cake/libs/view/helpers/html.php, line 298]
2011-04-11 23:52:56 Warning: Warning (2): htmlentities() [<a href='http://php.net/function.htmlentities'>function.htmlentities</a>]: charset `1' not supported, assuming iso-8859-1 in [/Users/cary/Dropbox/mpd-gallery/cake/libs/view/helpers/html.php, line 298]
2011-04-12 11:37:15 Warning: Warning (2): Cannot modify header information - headers already sent by (output started at /Users/cary/Dropbox/mpd-gallery/cake/basics.php:355) in [/Users/cary/Dropbox/mpd-gallery/cake/libs/controller/controller.php, line 742]
2011-04-12 21:04:57 Warning: Warning (2): Invalid argument supplied for foreach() in [/Users/cary/Dropbox/mpd-gallery/app/views/projects/view.ctp, line 19]
2011-04-12 22:25:12 Warning: Warning (2): Cannot modify header information - headers already sent by (output started at /Users/cary/Dropbox/mpd-gallery/cake/libs/debugger.php:673) in [/Users/cary/Dropbox/mpd-gallery/cake/libs/controller/controller.php, line 742]
2011-04-12 22:25:22 Warning: Warning (2): Cannot modify header information - headers already sent by (output started at /Users/cary/Dropbox/mpd-gallery/cake/libs/debugger.php:673) in [/Users/cary/Dropbox/mpd-gallery/cake/libs/controller/controller.php, line 742]
2011-04-13 23:00:26 Warning: Warning (2): range() expects at least 2 parameters, 1 given in [/Users/cary/Dropbox/mpd-gallery/app/views/projects/add.ctp, line 15]
2011-04-13 23:00:26 Warning: Warning (2): Invalid argument supplied for foreach() in [/Users/cary/Dropbox/mpd-gallery/app/views/projects/add.ctp, line 15]
2011-04-14 00:35:17 Warning: Warning (2): Invalid argument supplied for foreach() in [/Users/cary/Dropbox/mpd-gallery/app/views/projects/view.ctp, line 19]
2011-04-14 01:14:49 Warning: Warning (2): Invalid argument supplied for foreach() in [/Users/cary/Dropbox/mpd-gallery/app/views/projects/view.ctp, line 19]
2011-04-14 18:08:06 Warning: Warning (2): Cannot modify header information - headers already sent by (output started at /Users/cary/Dropbox/mpd-gallery/cake/basics.php:355) in [/Users/cary/Dropbox/mpd-gallery/cake/libs/controller/controller.php, line 742]
2011-04-14 18:08:36 Warning: Warning (2): Cannot modify header information - headers already sent by (output started at /Users/cary/Dropbox/mpd-gallery/cake/basics.php:355) in [/Users/cary/Dropbox/mpd-gallery/cake/libs/controller/controller.php, line 742]
2011-04-14 18:09:59 Warning: Warning (2): imagejpeg() [<a href='http://php.net/function.imagejpeg'>function.imagejpeg</a>]: Unable to open '/Users/cary/Dropbox/mpd-gallery/app/webroot/img/project/2011-02-2323.37.520.jpg' for writing: No such file or directory in [/Users/cary/Dropbox/mpd-gallery/app/controllers/components/upload.php, line 284]
2011-04-14 18:10:00 Warning: Warning (2): Cannot modify header information - headers already sent by (output started at /Users/cary/Dropbox/mpd-gallery/cake/libs/debugger.php:673) in [/Users/cary/Dropbox/mpd-gallery/cake/libs/controller/controller.php, line 742]
2011-04-14 22:54:53 Warning: Warning (2): Invalid argument supplied for foreach() in [/Users/cary/Dropbox/mpd-gallery/app/views/projects/edit.ctp, line 30]
2011-04-14 23:31:32 Warning: Warning (2): Invalid argument supplied for foreach() in [/Users/cary/Dropbox/mpd-gallery/app/views/projects/edit.ctp, line 16]
2011-04-14 23:31:32 Warning: Warning (2): Invalid argument supplied for foreach() in [/Users/cary/Dropbox/mpd-gallery/app/views/projects/edit.ctp, line 30]
2011-04-14 23:40:10 Warning: Warning (2): Invalid argument supplied for foreach() in [/Users/cary/Dropbox/mpd-gallery/app/views/projects/edit.ctp, line 16]
2011-04-14 23:40:10 Warning: Warning (2): Invalid argument supplied for foreach() in [/Users/cary/Dropbox/mpd-gallery/app/views/projects/edit.ctp, line 30]
2011-04-18 00:08:15 Warning: Warning (2): Cannot modify header information - headers already sent by (output started at /Users/cary/Dropbox/mpd-gallery/cake/basics.php:355) in [/Users/cary/Dropbox/mpd-gallery/cake/libs/controller/controller.php, line 742]
2011-04-18 00:09:21 Warning: Warning (2): Cannot modify header information - headers already sent by (output started at /Users/cary/Dropbox/mpd-gallery/cake/basics.php:355) in [/Users/cary/Dropbox/mpd-gallery/cake/libs/controller/controller.php, line 742]
2011-04-18 00:13:03 Warning: Warning (2): Cannot modify header information - headers already sent by (output started at /Users/cary/Dropbox/mpd-gallery/cake/basics.php:355) in [/Users/cary/Dropbox/mpd-gallery/cake/libs/controller/controller.php, line 742]
2011-04-18 00:13:33 Warning: Warning (2): Cannot modify header information - headers already sent by (output started at /Users/cary/Dropbox/mpd-gallery/cake/basics.php:355) in [/Users/cary/Dropbox/mpd-gallery/cake/libs/controller/controller.php, line 742]
2011-04-18 00:13:37 Warning: Warning (2): Cannot modify header information - headers already sent by (output started at /Users/cary/Dropbox/mpd-gallery/cake/basics.php:355) in [/Users/cary/Dropbox/mpd-gallery/cake/libs/controller/controller.php, line 742]
2011-04-18 00:14:07 Warning: Warning (2): Cannot modify header information - headers already sent by (output started at /Users/cary/Dropbox/mpd-gallery/cake/basics.php:355) in [/Users/cary/Dropbox/mpd-gallery/cake/libs/controller/controller.php, line 742]
2011-04-18 00:14:49 Warning: Warning (2): Cannot modify header information - headers already sent by (output started at /Users/cary/Dropbox/mpd-gallery/cake/basics.php:355) in [/Users/cary/Dropbox/mpd-gallery/cake/libs/controller/controller.php, line 742]
2011-04-18 00:14:59 Warning: Warning (2): Cannot modify header information - headers already sent by (output started at /Users/cary/Dropbox/mpd-gallery/cake/basics.php:355) in [/Users/cary/Dropbox/mpd-gallery/cake/libs/controller/controller.php, line 742]
2011-04-18 00:18:06 Warning: Warning (2): Cannot modify header information - headers already sent by (output started at /Users/cary/Dropbox/mpd-gallery/cake/basics.php:355) in [/Users/cary/Dropbox/mpd-gallery/cake/libs/controller/controller.php, line 742]
2011-04-18 00:18:22 Warning: Warning (2): Cannot modify header information - headers already sent by (output started at /Users/cary/Dropbox/mpd-gallery/cake/basics.php:355) in [/Users/cary/Dropbox/mpd-gallery/cake/libs/controller/controller.php, line 742]
2011-04-18 01:33:51 Warning: Warning (2): Invalid argument supplied for foreach() in [/Users/cary/Dropbox/mpd-gallery/app/views/projects/edit.ctp, line 17]
2011-04-18 01:33:51 Warning: Warning (2): Invalid argument supplied for foreach() in [/Users/cary/Dropbox/mpd-gallery/app/views/projects/edit.ctp, line 42]
2011-04-18 01:36:18 Warning: Warning (2): Invalid argument supplied for foreach() in [/Users/cary/Dropbox/mpd-gallery/app/views/projects/edit.ctp, line 17]
2011-04-18 01:36:18 Warning: Warning (2): Invalid argument supplied for foreach() in [/Users/cary/Dropbox/mpd-gallery/app/views/projects/edit.ctp, line 42]
2011-04-18 22:20:05 Warning: Warning (2): Invalid argument supplied for foreach() in [/Users/cary/Dropbox/mpd-gallery/app/controllers/projects_controller.php, line 48]
2011-04-18 22:20:05 Warning: Warning (2): Cannot modify header information - headers already sent by (output started at /Users/cary/Dropbox/mpd-gallery/cake/libs/debugger.php:673) in [/Users/cary/Dropbox/mpd-gallery/cake/libs/controller/controller.php, line 742]
2011-04-18 22:20:36 Warning: Warning (2): Invalid argument supplied for foreach() in [/Users/cary/Dropbox/mpd-gallery/app/controllers/projects_controller.php, line 48]
2011-04-18 22:20:37 Warning: Warning (2): Cannot modify header information - headers already sent by (output started at /Users/cary/Dropbox/mpd-gallery/cake/libs/debugger.php:673) in [/Users/cary/Dropbox/mpd-gallery/cake/libs/controller/controller.php, line 742]
2011-04-18 22:30:57 Warning: Warning (2): Cannot modify header information - headers already sent by (output started at /Users/cary/Dropbox/mpd-gallery/cake/basics.php:355) in [/Users/cary/Dropbox/mpd-gallery/cake/libs/controller/controller.php, line 742]
2011-04-19 22:50:25 Warning: Warning (2): Invalid argument supplied for foreach() in [/Users/cary/Dropbox/mpd-gallery/app/views/projects/view.ctp, line 38]
2011-04-19 22:53:07 Warning: Warning (2): Cannot modify header information - headers already sent by (output started at /Users/cary/Dropbox/mpd-gallery/cake/basics.php:355) in [/Users/cary/Dropbox/mpd-gallery/cake/libs/controller/controller.php, line 742]
2011-04-19 22:53:23 Warning: Warning (2): Cannot modify header information - headers already sent by (output started at /Users/cary/Dropbox/mpd-gallery/cake/basics.php:355) in [/Users/cary/Dropbox/mpd-gallery/cake/libs/controller/controller.php, line 742]
2011-04-19 22:53:47 Warning: Warning (2): Cannot modify header information - headers already sent by (output started at /Users/cary/Dropbox/mpd-gallery/cake/basics.php:355) in [/Users/cary/Dropbox/mpd-gallery/cake/libs/controller/controller.php, line 742]
2011-04-19 22:54:03 Warning: Warning (2): Cannot modify header information - headers already sent by (output started at /Users/cary/Dropbox/mpd-gallery/cake/basics.php:355) in [/Users/cary/Dropbox/mpd-gallery/cake/libs/controller/controller.php, line 742]
2011-04-19 22:54:06 Warning: Warning (2): Cannot modify header information - headers already sent by (output started at /Users/cary/Dropbox/mpd-gallery/cake/basics.php:355) in [/Users/cary/Dropbox/mpd-gallery/cake/libs/controller/controller.php, line 742]
2011-05-16 23:48:11 Error: Fatal Error (256): ConnectionManager::loadDataSource - Unable to import DataSource class .Database/mysqlSource in [/Users/cary/Dropbox/mpd-gallery/cake/libs/model/connection_manager.php, line 185]
2011-05-16 23:48:28 Warning: Warning (2): mysql_connect() [<a href='http://php.net/function.mysql-connect'>function.mysql-connect</a>]: Lost connection to MySQL server at 'reading initial communication packet', system error: 61 in [/Users/cary/Dropbox/mpd-gallery/cake/libs/model/datasources/dbo/dbo_mysql.php, line 552]
2011-05-16 23:48:28 Warning: Warning (2): mysql_select_db(): supplied argument is not a valid MySQL-Link resource in [/Users/cary/Dropbox/mpd-gallery/cake/libs/model/datasources/dbo/dbo_mysql.php, line 558]
2011-05-16 23:48:28 Warning: Warning (2): mysql_get_server_info(): supplied argument is not a valid MySQL-Link resource in [/Users/cary/Dropbox/mpd-gallery/cake/libs/model/datasources/dbo/dbo_mysql.php, line 566]
2011-05-16 23:48:28 Warning: Warning (2): mysql_query(): supplied argument is not a valid MySQL-Link resource in [/Users/cary/Dropbox/mpd-gallery/cake/libs/model/datasources/dbo/dbo_mysql.php, line 600]
2011-05-16 23:48:28 Warning: Warning (2): Cannot modify header information - headers already sent by (output started at /Users/cary/Dropbox/mpd-gallery/cake/libs/debugger.php:673) in [/Users/cary/Dropbox/mpd-gallery/cake/libs/controller/controller.php, line 742]
